

Started POST "/mircoposts" for 127.0.0.1 at 2011-07-09 11:50:24 +0300

ActionController::RoutingError (No route matches "/mircoposts"):
  

DEPRECATION WARNING: config.action_view.debug_rjs will be removed in 3.1, from 3.1 onwards you will need to install prototype-rails to continue to use RJS templates . (called from synchronize at <internal:prelude>:10)
Rendered /Users/mohammadjouni/.rvm/gems/ruby-1.9.2-p180@rails3tutorial/gems/actionpack-3.0.9/lib/action_dispatch/middleware/templates/rescues/routing_error.erb within rescues/layout (1.7ms)


Started GET "/pages/home" for 127.0.0.1 at 2011-07-09 11:57:26 +0300
  Processing by PagesController#home as HTML
Rendered pages/home.html.erb within layouts/application (1.8ms)
Completed 200 OK in 8ms (Views: 7.4ms | ActiveRecord: 0.0ms)


Started GET "/pages/contact" for 127.0.0.1 at 2011-07-09 11:57:38 +0300
  Processing by PagesController#contact as HTML
Rendered pages/contact.html.erb within layouts/application (1.3ms)
Completed 200 OK in 5ms (Views: 4.8ms | ActiveRecord: 0.0ms)


Started GET "/pages/home" for 127.0.0.1 at 2011-07-09 11:57:44 +0300
  Processing by PagesController#home as HTML
Rendered pages/home.html.erb within layouts/application (1.2ms)
Completed 200 OK in 5ms (Views: 4.4ms | ActiveRecord: 0.0ms)
  [1m[36mSQL (0.3ms)[0m  [1m SELECT name
 FROM sqlite_master
 WHERE type = 'table' AND NOT name = 'sqlite_sequence'
[0m
  [1m[35mSQL (0.1ms)[0m  select sqlite_version(*)
  [1m[36mSQL (1.5ms)[0m  [1mCREATE TABLE "schema_migrations" ("version" varchar(255) NOT NULL) [0m
  [1m[35mSQL (0.0ms)[0m  PRAGMA index_list("schema_migrations")
  [1m[36mSQL (0.9ms)[0m  [1mCREATE UNIQUE INDEX "unique_schema_migrations" ON "schema_migrations" ("version")[0m
  [1m[35mSQL (0.1ms)[0m   SELECT name
 FROM sqlite_master
 WHERE type = 'table' AND NOT name = 'sqlite_sequence'
  [1m[36mSQL (0.2ms)[0m  [1m SELECT name
 FROM sqlite_master
 WHERE type = 'table' AND NOT name = 'sqlite_sequence'
[0m
  [1m[35mSQL (0.1ms)[0m   SELECT name
 FROM sqlite_master
 WHERE type = 'table' AND NOT name = 'sqlite_sequence'
  [1m[36mSQL (0.1ms)[0m  [1mSELECT "schema_migrations"."version" FROM "schema_migrations"[0m
  [1m[35mSQL (0.1ms)[0m   SELECT name
 FROM sqlite_master
 WHERE type = 'table' AND NOT name = 'sqlite_sequence'
  [1m[36mSQL (0.3ms)[0m  [1m SELECT name
 FROM sqlite_master
 WHERE type = 'table' AND NOT name = 'sqlite_sequence'
[0m
  [1m[35mSQL (0.1ms)[0m   SELECT name
 FROM sqlite_master
 WHERE type = 'table' AND NOT name = 'sqlite_sequence'
  [1m[36mSQL (0.1ms)[0m  [1mSELECT "schema_migrations"."version" FROM "schema_migrations"[0m
  [1m[35mSQL (0.2ms)[0m   SELECT name
 FROM sqlite_master
 WHERE type = 'table' AND NOT name = 'sqlite_sequence'
  [1m[36mSQL (0.0ms)[0m  [1mselect sqlite_version(*)[0m
  [1m[35mSQL (1.1ms)[0m  CREATE TABLE "schema_migrations" ("version" varchar(255) NOT NULL) 
  [1m[36mSQL (0.0ms)[0m  [1mPRAGMA index_list("schema_migrations")[0m
  [1m[35mSQL (0.8ms)[0m  CREATE UNIQUE INDEX "unique_schema_migrations" ON "schema_migrations" ("version")
  [1m[36mSQL (0.1ms)[0m  [1m SELECT name
 FROM sqlite_master
 WHERE type = 'table' AND NOT name = 'sqlite_sequence'
[0m
  [1m[35mSQL (0.1ms)[0m  SELECT version FROM "schema_migrations"
  [1m[36mSQL (0.7ms)[0m  [1mINSERT INTO "schema_migrations" (version) VALUES ('0')[0m


Started GET "/pages/home" for 127.0.0.1 at 2011-07-09 12:56:55 +0300
  Processing by PagesController#home as HTML
Rendered pages/home.html.erb within layouts/application (1.2ms)
Completed 200 OK in 5ms (Views: 4.5ms | ActiveRecord: 0.0ms)


Started GET "/pages/about" for 127.0.0.1 at 2011-07-09 12:56:58 +0300
  Processing by PagesController#about as HTML
Rendered pages/about.html.erb within layouts/application (1.3ms)
Completed 200 OK in 5ms (Views: 4.9ms | ActiveRecord: 0.0ms)


Started GET "/pages/about" for 127.0.0.1 at 2011-07-09 12:57:01 +0300
  Processing by PagesController#about as HTML
Rendered pages/about.html.erb within layouts/application (1.3ms)
Completed 200 OK in 5ms (Views: 4.4ms | ActiveRecord: 0.0ms)


Started GET "/pages/about" for 127.0.0.1 at 2011-07-09 13:11:16 +0300
  Processing by PagesController#about as HTML
Rendered pages/about.html.erb within layouts/application (1.4ms)
Completed 200 OK in 5ms (Views: 4.7ms | ActiveRecord: 0.0ms)


Started GET "/pages/about" for 127.0.0.1 at 2011-07-09 13:11:18 +0300
  Processing by PagesController#about as HTML
Rendered pages/about.html.erb within layouts/application (1.3ms)
Completed 200 OK in 5ms (Views: 4.6ms | ActiveRecord: 0.0ms)


Started GET "/pages/about" for 127.0.0.1 at 2011-07-09 13:11:21 +0300
  Processing by PagesController#about as HTML
Rendered pages/about.html.erb within layouts/application (1.3ms)
Completed 200 OK in 5ms (Views: 4.6ms | ActiveRecord: 0.0ms)


Started GET "/pages/abouts" for 127.0.0.1 at 2011-07-09 13:11:24 +0300

ActionController::RoutingError (No route matches "/pages/abouts"):
  

Rendered /Users/mohammadjouni/.rvm/gems/ruby-1.9.2-p180@rails3tutorial/gems/actionpack-3.0.9/lib/action_dispatch/middleware/templates/rescues/routing_error.erb within rescues/layout (0.9ms)
DEPRECATION WARNING: config.action_view.debug_rjs will be removed in 3.1, from 3.1 onwards you will need to install prototype-rails to continue to use RJS templates . (called from service at /Users/mohammadjouni/.rvm/rubies/ruby-1.9.2-p180/lib/ruby/1.9.1/webrick/httpserver.rb:111)


Started GET "/pages/abouts" for 127.0.0.1 at 2011-07-09 13:13:22 +0300

ActionController::RoutingError (No route matches "/pages/abouts"):
  

Rendered /Users/mohammadjouni/.rvm/gems/ruby-1.9.2-p180@rails3tutorial/gems/actionpack-3.0.9/lib/action_dispatch/middleware/templates/rescues/routing_error.erb within rescues/layout (0.9ms)


Started GET "/pages/about" for 127.0.0.1 at 2011-07-09 13:13:25 +0300
  Processing by PagesController#about as HTML
Rendered pages/about.html.erb within layouts/application (1.3ms)
Completed 200 OK in 5ms (Views: 4.6ms | ActiveRecord: 0.0ms)


Started GET "/pages/about" for 127.0.0.1 at 2011-07-09 14:16:01 +0300
  Processing by PagesController#about as HTML
Rendered pages/about.html.erb within layouts/application (4.8ms)
Completed 200 OK in 10ms (Views: 9.8ms | ActiveRecord: 0.0ms)


Started GET "/pages/about" for 127.0.0.1 at 2011-07-09 14:16:12 +0300
  Processing by PagesController#about as HTML
Rendered pages/about.html.erb within layouts/application (1.5ms)
Completed 200 OK in 5ms (Views: 4.9ms | ActiveRecord: 0.0ms)


Started GET "/pages/about" for 127.0.0.1 at 2011-07-09 14:16:15 +0300
  Processing by PagesController#about as HTML
Rendered pages/about.html.erb within layouts/application (15.2ms)
Completed 200 OK in 19ms (Views: 18.8ms | ActiveRecord: 0.0ms)


Started GET "/pages/home" for 127.0.0.1 at 2011-07-09 14:16:33 +0300
  Processing by PagesController#home as HTML
Rendered pages/home.html.erb within layouts/application (1.2ms)
Completed 200 OK in 5ms (Views: 4.4ms | ActiveRecord: 0.0ms)


Started GET "/pages/home" for 127.0.0.1 at 2011-07-09 14:16:36 +0300
  Processing by PagesController#home as HTML
Rendered pages/home.html.erb within layouts/application (1.3ms)
Completed 200 OK in 5ms (Views: 4.7ms | ActiveRecord: 0.0ms)


Started GET "/pages/home" for 127.0.0.1 at 2011-07-09 14:16:37 +0300
  Processing by PagesController#home as HTML
Rendered pages/home.html.erb within layouts/application (1.3ms)
Completed 200 OK in 5ms (Views: 4.5ms | ActiveRecord: 0.0ms)


Started GET "/pages/home" for 127.0.0.1 at 2011-07-09 14:17:08 +0300
  Processing by PagesController#home as 
Rendered pages/home.html.erb within layouts/application (1.5ms)
Completed 200 OK in 12ms (Views: 12.1ms | ActiveRecord: 0.0ms)


Started GET "/pages/home" for 127.0.0.1 at 2011-07-09 14:20:01 +0300
  Processing by PagesController#home as 
Rendered pages/home.html.erb (0.3ms)
Completed 200 OK in 12ms (Views: 11.7ms | ActiveRecord: 0.0ms)


Started GET "/pages/home" for 127.0.0.1 at 2011-07-09 14:20:42 +0300
  Processing by PagesController#home as 
Rendered pages/home.html.erb (0.3ms)
Completed 200 OK in 13ms (Views: 12.7ms | ActiveRecord: 0.0ms)


Started GET "/pages/home" for 127.0.0.1 at 2011-07-09 14:28:27 +0300
  Processing by PagesController#home as HTML
Rendered pages/home.html.erb (15.2ms)
Completed 500 Internal Server Error in 18ms

ActionView::Template::Error (undefined local variable or method `title' for #<#<Class:0x00000104959cf0>:0x00000104956d98>):
    1: <!DOCTYPE html>
    2: <html>
    3:   <head>
    4:     <title>Ruby on Rails Tutorial Sample App | <%= title %></title>
    5:   </head>
    6:   <body>
    7:     <h1>Sample App</h1>
  app/views/pages/home.html.erb:4:in `_app_views_pages_home_html_erb__340834301545960633_2185928820__760357786333389173'

Rendered /Users/mohammadjouni/.rvm/gems/ruby-1.9.2-p180@rails3tutorial/gems/actionpack-3.0.9/lib/action_dispatch/middleware/templates/rescues/_trace.erb (1.0ms)
Rendered /Users/mohammadjouni/.rvm/gems/ruby-1.9.2-p180@rails3tutorial/gems/actionpack-3.0.9/lib/action_dispatch/middleware/templates/rescues/_request_and_response.erb (2.2ms)
Rendered /Users/mohammadjouni/.rvm/gems/ruby-1.9.2-p180@rails3tutorial/gems/actionpack-3.0.9/lib/action_dispatch/middleware/templates/rescues/template_error.erb within rescues/layout (7.2ms)


Started GET "/pages/home" for 127.0.0.1 at 2011-07-09 14:32:46 +0300
  Processing by PagesController#home as HTML
Rendered pages/home.html.erb within layouts/application (0.6ms)
Completed 200 OK in 4ms (Views: 4.0ms | ActiveRecord: 0.0ms)
DEPRECATION WARNING: config.action_view.debug_rjs will be removed in 3.1, from 3.1 onwards you will need to install prototype-rails to continue to use RJS templates . (called from service at /Users/mohammadjouni/.rvm/rubies/ruby-1.9.2-p180/lib/ruby/1.9.1/webrick/httpserver.rb:111)
DEPRECATION WARNING: config.action_view.debug_rjs will be removed in 3.1, from 3.1 onwards you will need to install prototype-rails to continue to use RJS templates . (called from service at /Users/mohammadjouni/.rvm/rubies/ruby-1.9.2-p180/lib/ruby/1.9.1/webrick/httpserver.rb:111)


Started GET "/pages/home" for 127.0.0.1 at 2011-07-12 12:13:22 +0300

ActionController::RoutingError (No route matches "/pages/home"):
  

Rendered /Users/mohammadjouni/.rvm/gems/ruby-1.9.2-p180@rails3tutorial/gems/actionpack-3.0.9/lib/action_dispatch/middleware/templates/rescues/routing_error.erb within rescues/layout (0.9ms)


Started GET "/home" for 127.0.0.1 at 2011-07-12 12:13:30 +0300

ActionController::RoutingError (No route matches "/home"):
  

Rendered /Users/mohammadjouni/.rvm/gems/ruby-1.9.2-p180@rails3tutorial/gems/actionpack-3.0.9/lib/action_dispatch/middleware/templates/rescues/routing_error.erb within rescues/layout (0.8ms)


Started GET "/home" for 127.0.0.1 at 2011-07-12 12:13:32 +0300

ActionController::RoutingError (No route matches "/home"):
  

Rendered /Users/mohammadjouni/.rvm/gems/ruby-1.9.2-p180@rails3tutorial/gems/actionpack-3.0.9/lib/action_dispatch/middleware/templates/rescues/routing_error.erb within rescues/layout (0.8ms)


Started GET "/home" for 127.0.0.1 at 2011-07-12 12:13:39 +0300

ActionController::RoutingError (No route matches "/home"):
  

Rendered /Users/mohammadjouni/.rvm/gems/ruby-1.9.2-p180@rails3tutorial/gems/actionpack-3.0.9/lib/action_dispatch/middleware/templates/rescues/routing_error.erb within rescues/layout (0.8ms)


Started GET "/contact" for 127.0.0.1 at 2011-07-12 12:13:43 +0300
  Processing by PagesController#contact as HTML
Rendered layouts/_stylesheets.html.erb (0.8ms)
Rendered layouts/_header.html.erb (0.6ms)
Rendered layouts/_footer.html.erb (0.3ms)
Rendered pages/contact.html.erb within layouts/application (4.9ms)
Completed 200 OK in 8ms (Views: 8.0ms | ActiveRecord: 0.0ms)


Started GET "/stylesheets/blueprint/screen.css" for 127.0.0.1 at 2011-07-12 12:13:43 +0300

ActionController::RoutingError (No route matches "/stylesheets/blueprint/screen.css"):
  

Rendered /Users/mohammadjouni/.rvm/gems/ruby-1.9.2-p180@rails3tutorial/gems/actionpack-3.0.9/lib/action_dispatch/middleware/templates/rescues/routing_error.erb within rescues/layout (0.8ms)


Started GET "/stylesheets/blueprint/print.css" for 127.0.0.1 at 2011-07-12 12:13:43 +0300

ActionController::RoutingError (No route matches "/stylesheets/blueprint/print.css"):
  

Rendered /Users/mohammadjouni/.rvm/gems/ruby-1.9.2-p180@rails3tutorial/gems/actionpack-3.0.9/lib/action_dispatch/middleware/templates/rescues/routing_error.erb within rescues/layout (0.8ms)


Started GET "/help" for 127.0.0.1 at 2011-07-12 12:13:47 +0300
  Processing by PagesController#help as HTML
Rendered layouts/_stylesheets.html.erb (0.8ms)
Rendered layouts/_header.html.erb (0.5ms)
Rendered layouts/_footer.html.erb (0.3ms)
Rendered pages/help.html.erb within layouts/application (4.6ms)
Completed 200 OK in 8ms (Views: 8.0ms | ActiveRecord: 0.0ms)


Started GET "/stylesheets/blueprint/screen.css" for 127.0.0.1 at 2011-07-12 12:13:48 +0300

ActionController::RoutingError (No route matches "/stylesheets/blueprint/screen.css"):
  

Rendered /Users/mohammadjouni/.rvm/gems/ruby-1.9.2-p180@rails3tutorial/gems/actionpack-3.0.9/lib/action_dispatch/middleware/templates/rescues/routing_error.erb within rescues/layout (1.1ms)


Started GET "/stylesheets/blueprint/print.css" for 127.0.0.1 at 2011-07-12 12:13:48 +0300

ActionController::RoutingError (No route matches "/stylesheets/blueprint/print.css"):
  

Rendered /Users/mohammadjouni/.rvm/gems/ruby-1.9.2-p180@rails3tutorial/gems/actionpack-3.0.9/lib/action_dispatch/middleware/templates/rescues/routing_error.erb within rescues/layout (0.8ms)


Started GET "/about" for 127.0.0.1 at 2011-07-12 12:13:51 +0300
  Processing by PagesController#about as HTML
Rendered layouts/_stylesheets.html.erb (0.8ms)
Rendered layouts/_header.html.erb (0.5ms)
Rendered layouts/_footer.html.erb (0.3ms)
Rendered pages/about.html.erb within layouts/application (4.8ms)
Completed 200 OK in 8ms (Views: 8.1ms | ActiveRecord: 0.0ms)


Started GET "/stylesheets/blueprint/screen.css" for 127.0.0.1 at 2011-07-12 12:13:51 +0300

ActionController::RoutingError (No route matches "/stylesheets/blueprint/screen.css"):
  

Rendered /Users/mohammadjouni/.rvm/gems/ruby-1.9.2-p180@rails3tutorial/gems/actionpack-3.0.9/lib/action_dispatch/middleware/templates/rescues/routing_error.erb within rescues/layout (0.9ms)


Started GET "/stylesheets/blueprint/print.css" for 127.0.0.1 at 2011-07-12 12:13:51 +0300

ActionController::RoutingError (No route matches "/stylesheets/blueprint/print.css"):
  

Rendered /Users/mohammadjouni/.rvm/gems/ruby-1.9.2-p180@rails3tutorial/gems/actionpack-3.0.9/lib/action_dispatch/middleware/templates/rescues/routing_error.erb within rescues/layout (0.9ms)


Started GET "/home" for 127.0.0.1 at 2011-07-12 12:14:15 +0300

ActionController::RoutingError (No route matches "/home"):
  

Rendered /Users/mohammadjouni/.rvm/gems/ruby-1.9.2-p180@rails3tutorial/gems/actionpack-3.0.9/lib/action_dispatch/middleware/templates/rescues/routing_error.erb within rescues/layout (0.7ms)


Started GET "/contact" for 127.0.0.1 at 2011-07-12 12:14:38 +0300
  Processing by PagesController#contact as HTML
Rendered layouts/_stylesheets.html.erb (19.0ms)
Rendered layouts/_header.html.erb (0.5ms)
Rendered layouts/_footer.html.erb (0.3ms)
Rendered pages/contact.html.erb within layouts/application (23.1ms)
Completed 200 OK in 27ms (Views: 26.3ms | ActiveRecord: 0.0ms)


Started GET "/stylesheets/blueprint/screen.css" for 127.0.0.1 at 2011-07-12 12:14:38 +0300

ActionController::RoutingError (No route matches "/stylesheets/blueprint/screen.css"):
  

Rendered /Users/mohammadjouni/.rvm/gems/ruby-1.9.2-p180@rails3tutorial/gems/actionpack-3.0.9/lib/action_dispatch/middleware/templates/rescues/routing_error.erb within rescues/layout (0.9ms)


Started GET "/stylesheets/blueprint/print.css" for 127.0.0.1 at 2011-07-12 12:14:38 +0300

ActionController::RoutingError (No route matches "/stylesheets/blueprint/print.css"):
  

Rendered /Users/mohammadjouni/.rvm/gems/ruby-1.9.2-p180@rails3tutorial/gems/actionpack-3.0.9/lib/action_dispatch/middleware/templates/rescues/routing_error.erb within rescues/layout (0.8ms)


Started GET "/contact" for 127.0.0.1 at 2011-07-12 12:14:58 +0300
  Processing by PagesController#contact as 
Rendered layouts/_stylesheets.html.erb (0.7ms)
Rendered layouts/_header.html.erb (0.5ms)
Rendered layouts/_footer.html.erb (0.3ms)
Rendered pages/contact.html.erb within layouts/application (4.7ms)
Completed 200 OK in 16ms (Views: 15.5ms | ActiveRecord: 0.0ms)


Started GET "/contact" for 127.0.0.1 at 2011-07-12 12:18:16 +0300

ActionController::RoutingError (No route matches "/contact"):
  

Rendered /Users/mohammadjouni/.rvm/gems/ruby-1.9.2-p180@rails3tutorial/gems/actionpack-3.0.9/lib/action_dispatch/middleware/templates/rescues/routing_error.erb within rescues/layout (0.8ms)


Started GET "/home" for 127.0.0.1 at 2011-07-12 12:18:26 +0300

ActionController::RoutingError (No route matches "/home"):
  

Rendered /Users/mohammadjouni/.rvm/gems/ruby-1.9.2-p180@rails3tutorial/gems/actionpack-3.0.9/lib/action_dispatch/middleware/templates/rescues/routing_error.erb within rescues/layout (0.8ms)


Started GET "/help" for 127.0.0.1 at 2011-07-12 12:18:35 +0300
  Processing by PagesController#help as HTML
Rendered layouts/_stylesheets.html.erb (0.8ms)
Rendered layouts/_header.html.erb (0.5ms)
Rendered layouts/_footer.html.erb (0.3ms)
Rendered pages/help.html.erb within layouts/application (4.7ms)
Completed 200 OK in 8ms (Views: 7.9ms | ActiveRecord: 0.0ms)


Started GET "/stylesheets/blueprint/screen.css" for 127.0.0.1 at 2011-07-12 12:18:35 +0300

ActionController::RoutingError (No route matches "/stylesheets/blueprint/screen.css"):
  

Rendered /Users/mohammadjouni/.rvm/gems/ruby-1.9.2-p180@rails3tutorial/gems/actionpack-3.0.9/lib/action_dispatch/middleware/templates/rescues/routing_error.erb within rescues/layout (1.0ms)


Started GET "/stylesheets/blueprint/print.css" for 127.0.0.1 at 2011-07-12 12:18:35 +0300

ActionController::RoutingError (No route matches "/stylesheets/blueprint/print.css"):
  

Rendered /Users/mohammadjouni/.rvm/gems/ruby-1.9.2-p180@rails3tutorial/gems/actionpack-3.0.9/lib/action_dispatch/middleware/templates/rescues/routing_error.erb within rescues/layout (0.8ms)


Started GET "/about" for 127.0.0.1 at 2011-07-12 12:18:44 +0300
  Processing by PagesController#about as HTML
Rendered layouts/_stylesheets.html.erb (0.7ms)
Rendered layouts/_header.html.erb (0.5ms)
Rendered layouts/_footer.html.erb (0.3ms)
Rendered pages/about.html.erb within layouts/application (4.5ms)
Completed 200 OK in 8ms (Views: 7.8ms | ActiveRecord: 0.0ms)


Started GET "/stylesheets/blueprint/screen.css" for 127.0.0.1 at 2011-07-12 12:18:44 +0300

ActionController::RoutingError (No route matches "/stylesheets/blueprint/screen.css"):
  

Rendered /Users/mohammadjouni/.rvm/gems/ruby-1.9.2-p180@rails3tutorial/gems/actionpack-3.0.9/lib/action_dispatch/middleware/templates/rescues/routing_error.erb within rescues/layout (1.2ms)


Started GET "/stylesheets/blueprint/print.css" for 127.0.0.1 at 2011-07-12 12:18:44 +0300

ActionController::RoutingError (No route matches "/stylesheets/blueprint/print.css"):
  

Rendered /Users/mohammadjouni/.rvm/gems/ruby-1.9.2-p180@rails3tutorial/gems/actionpack-3.0.9/lib/action_dispatch/middleware/templates/rescues/routing_error.erb within rescues/layout (0.8ms)


Started GET "/contact" for 127.0.0.1 at 2011-07-12 12:18:51 +0300

ActionController::RoutingError (No route matches "/contact"):
  

Rendered /Users/mohammadjouni/.rvm/gems/ruby-1.9.2-p180@rails3tutorial/gems/actionpack-3.0.9/lib/action_dispatch/middleware/templates/rescues/routing_error.erb within rescues/layout (0.8ms)


Started GET "/contact" for 127.0.0.1 at 2011-07-12 12:19:19 +0300
  Processing by PagesController#contact as HTML
Rendered layouts/_stylesheets.html.erb (0.7ms)
Rendered layouts/_header.html.erb (0.5ms)
Rendered layouts/_footer.html.erb (0.3ms)
Rendered pages/contact.html.erb within layouts/application (4.5ms)
Completed 200 OK in 8ms (Views: 7.6ms | ActiveRecord: 0.0ms)


Started GET "/stylesheets/blueprint/screen.css" for 127.0.0.1 at 2011-07-12 12:19:19 +0300

ActionController::RoutingError (No route matches "/stylesheets/blueprint/screen.css"):
  

Rendered /Users/mohammadjouni/.rvm/gems/ruby-1.9.2-p180@rails3tutorial/gems/actionpack-3.0.9/lib/action_dispatch/middleware/templates/rescues/routing_error.erb within rescues/layout (0.9ms)


Started GET "/stylesheets/blueprint/print.css" for 127.0.0.1 at 2011-07-12 12:19:19 +0300

ActionController::RoutingError (No route matches "/stylesheets/blueprint/print.css"):
  

Rendered /Users/mohammadjouni/.rvm/gems/ruby-1.9.2-p180@rails3tutorial/gems/actionpack-3.0.9/lib/action_dispatch/middleware/templates/rescues/routing_error.erb within rescues/layout (1.0ms)


Started GET "/contact" for 127.0.0.1 at 2011-07-12 12:19:20 +0300
  Processing by PagesController#contact as HTML
Rendered layouts/_stylesheets.html.erb (0.7ms)
Rendered layouts/_header.html.erb (0.5ms)
Rendered layouts/_footer.html.erb (0.3ms)
Rendered pages/contact.html.erb within layouts/application (4.5ms)
Completed 200 OK in 8ms (Views: 7.6ms | ActiveRecord: 0.0ms)


Started GET "/stylesheets/blueprint/screen.css" for 127.0.0.1 at 2011-07-12 12:19:20 +0300

ActionController::RoutingError (No route matches "/stylesheets/blueprint/screen.css"):
  

Rendered /Users/mohammadjouni/.rvm/gems/ruby-1.9.2-p180@rails3tutorial/gems/actionpack-3.0.9/lib/action_dispatch/middleware/templates/rescues/routing_error.erb within rescues/layout (0.8ms)


Started GET "/stylesheets/blueprint/print.css" for 127.0.0.1 at 2011-07-12 12:19:20 +0300

ActionController::RoutingError (No route matches "/stylesheets/blueprint/print.css"):
  

Rendered /Users/mohammadjouni/.rvm/gems/ruby-1.9.2-p180@rails3tutorial/gems/actionpack-3.0.9/lib/action_dispatch/middleware/templates/rescues/routing_error.erb within rescues/layout (0.8ms)


Started GET "/help" for 127.0.0.1 at 2011-07-12 12:19:25 +0300
  Processing by PagesController#help as HTML
Rendered layouts/_stylesheets.html.erb (0.7ms)
Rendered layouts/_header.html.erb (0.5ms)
Rendered layouts/_footer.html.erb (0.3ms)
Rendered pages/help.html.erb within layouts/application (4.5ms)
Completed 200 OK in 8ms (Views: 7.7ms | ActiveRecord: 0.0ms)


Started GET "/stylesheets/blueprint/screen.css" for 127.0.0.1 at 2011-07-12 12:19:25 +0300

ActionController::RoutingError (No route matches "/stylesheets/blueprint/screen.css"):
  

Rendered /Users/mohammadjouni/.rvm/gems/ruby-1.9.2-p180@rails3tutorial/gems/actionpack-3.0.9/lib/action_dispatch/middleware/templates/rescues/routing_error.erb within rescues/layout (0.8ms)


Started GET "/stylesheets/blueprint/print.css" for 127.0.0.1 at 2011-07-12 12:19:25 +0300

ActionController::RoutingError (No route matches "/stylesheets/blueprint/print.css"):
  

Rendered /Users/mohammadjouni/.rvm/gems/ruby-1.9.2-p180@rails3tutorial/gems/actionpack-3.0.9/lib/action_dispatch/middleware/templates/rescues/routing_error.erb within rescues/layout (0.8ms)


Started GET "/about" for 127.0.0.1 at 2011-07-12 12:19:39 +0300
  Processing by PagesController#about as HTML
Rendered layouts/_stylesheets.html.erb (0.7ms)
Rendered layouts/_header.html.erb (0.5ms)
Rendered layouts/_footer.html.erb (0.3ms)
Rendered pages/about.html.erb within layouts/application (4.7ms)
Completed 200 OK in 8ms (Views: 7.9ms | ActiveRecord: 0.0ms)


Started GET "/stylesheets/blueprint/screen.css" for 127.0.0.1 at 2011-07-12 12:19:39 +0300

ActionController::RoutingError (No route matches "/stylesheets/blueprint/screen.css"):
  

Rendered /Users/mohammadjouni/.rvm/gems/ruby-1.9.2-p180@rails3tutorial/gems/actionpack-3.0.9/lib/action_dispatch/middleware/templates/rescues/routing_error.erb within rescues/layout (1.1ms)


Started GET "/stylesheets/blueprint/print.css" for 127.0.0.1 at 2011-07-12 12:19:39 +0300

ActionController::RoutingError (No route matches "/stylesheets/blueprint/print.css"):
  

Rendered /Users/mohammadjouni/.rvm/gems/ruby-1.9.2-p180@rails3tutorial/gems/actionpack-3.0.9/lib/action_dispatch/middleware/templates/rescues/routing_error.erb within rescues/layout (0.8ms)


Started GET "/contact" for 127.0.0.1 at 2011-07-12 12:19:46 +0300
  Processing by PagesController#contact as HTML
Rendered layouts/_stylesheets.html.erb (0.8ms)
Rendered layouts/_header.html.erb (0.5ms)
Rendered layouts/_footer.html.erb (0.3ms)
Rendered pages/contact.html.erb within layouts/application (4.9ms)
Completed 200 OK in 8ms (Views: 8.1ms | ActiveRecord: 0.0ms)


Started GET "/stylesheets/blueprint/screen.css" for 127.0.0.1 at 2011-07-12 12:19:46 +0300

ActionController::RoutingError (No route matches "/stylesheets/blueprint/screen.css"):
  

Rendered /Users/mohammadjouni/.rvm/gems/ruby-1.9.2-p180@rails3tutorial/gems/actionpack-3.0.9/lib/action_dispatch/middleware/templates/rescues/routing_error.erb within rescues/layout (0.9ms)


Started GET "/stylesheets/blueprint/print.css" for 127.0.0.1 at 2011-07-12 12:19:46 +0300

ActionController::RoutingError (No route matches "/stylesheets/blueprint/print.css"):
  

Rendered /Users/mohammadjouni/.rvm/gems/ruby-1.9.2-p180@rails3tutorial/gems/actionpack-3.0.9/lib/action_dispatch/middleware/templates/rescues/routing_error.erb within rescues/layout (0.8ms)


Started GET "/about" for 127.0.0.1 at 2011-07-12 12:32:52 +0300
  Processing by PagesController#about as HTML
Rendered layouts/_stylesheets.html.erb (0.8ms)
Rendered layouts/_header.html.erb (0.5ms)
Rendered layouts/_footer.html.erb (0.3ms)
Rendered pages/about.html.erb within layouts/application (4.7ms)
Completed 200 OK in 8ms (Views: 7.9ms | ActiveRecord: 0.0ms)


Started GET "/stylesheets/blueprint/screen.css" for 127.0.0.1 at 2011-07-12 12:32:52 +0300

ActionController::RoutingError (No route matches "/stylesheets/blueprint/screen.css"):
  

Rendered /Users/mohammadjouni/.rvm/gems/ruby-1.9.2-p180@rails3tutorial/gems/actionpack-3.0.9/lib/action_dispatch/middleware/templates/rescues/routing_error.erb within rescues/layout (1.0ms)


Started GET "/stylesheets/blueprint/print.css" for 127.0.0.1 at 2011-07-12 12:32:52 +0300

ActionController::RoutingError (No route matches "/stylesheets/blueprint/print.css"):
  

Rendered /Users/mohammadjouni/.rvm/gems/ruby-1.9.2-p180@rails3tutorial/gems/actionpack-3.0.9/lib/action_dispatch/middleware/templates/rescues/routing_error.erb within rescues/layout (0.8ms)
DEPRECATION WARNING: config.action_view.debug_rjs will be removed in 3.1, from 3.1 onwards you will need to install prototype-rails to continue to use RJS templates . (called from service at /Users/mohammadjouni/.rvm/rubies/ruby-1.9.2-p180/lib/ruby/1.9.1/webrick/httpserver.rb:111)


Started GET "/about" for 127.0.0.1 at 2011-07-14 23:03:05 +0300
  Processing by PagesController#about as HTML
Rendered layouts/_stylesheets.html.erb (0.9ms)
Rendered layouts/_header.html.erb (0.8ms)
Rendered layouts/_footer.html.erb (0.6ms)
Rendered pages/about.html.erb within layouts/application (6.2ms)
Completed 200 OK in 15ms (Views: 14.7ms | ActiveRecord: 0.0ms)


Started GET "/stylesheets/blueprint/screen.css" for 127.0.0.1 at 2011-07-14 23:03:05 +0300

ActionController::RoutingError (No route matches "/stylesheets/blueprint/screen.css"):
  

Rendered /Users/mohammadjouni/.rvm/gems/ruby-1.9.2-p180@rails3tutorial/gems/actionpack-3.0.9/lib/action_dispatch/middleware/templates/rescues/routing_error.erb within rescues/layout (0.9ms)


Started GET "/stylesheets/blueprint/print.css" for 127.0.0.1 at 2011-07-14 23:03:06 +0300

ActionController::RoutingError (No route matches "/stylesheets/blueprint/print.css"):
  

Rendered /Users/mohammadjouni/.rvm/gems/ruby-1.9.2-p180@rails3tutorial/gems/actionpack-3.0.9/lib/action_dispatch/middleware/templates/rescues/routing_error.erb within rescues/layout (0.8ms)


Started GET "/about" for 127.0.0.1 at 2011-07-14 23:03:07 +0300
  Processing by PagesController#about as HTML
Rendered layouts/_stylesheets.html.erb (0.8ms)
Rendered layouts/_header.html.erb (0.9ms)
Rendered layouts/_footer.html.erb (0.5ms)
Rendered pages/about.html.erb within layouts/application (5.5ms)
Completed 200 OK in 9ms (Views: 8.7ms | ActiveRecord: 0.0ms)


Started GET "/stylesheets/blueprint/screen.css" for 127.0.0.1 at 2011-07-14 23:03:07 +0300

ActionController::RoutingError (No route matches "/stylesheets/blueprint/screen.css"):
  

Rendered /Users/mohammadjouni/.rvm/gems/ruby-1.9.2-p180@rails3tutorial/gems/actionpack-3.0.9/lib/action_dispatch/middleware/templates/rescues/routing_error.erb within rescues/layout (1.2ms)


Started GET "/stylesheets/blueprint/print.css" for 127.0.0.1 at 2011-07-14 23:03:07 +0300

ActionController::RoutingError (No route matches "/stylesheets/blueprint/print.css"):
  

Rendered /Users/mohammadjouni/.rvm/gems/ruby-1.9.2-p180@rails3tutorial/gems/actionpack-3.0.9/lib/action_dispatch/middleware/templates/rescues/routing_error.erb within rescues/layout (0.8ms)


Started GET "/contact" for 127.0.0.1 at 2011-07-14 23:03:08 +0300
  Processing by PagesController#contact as HTML
Rendered layouts/_stylesheets.html.erb (0.8ms)
Rendered layouts/_header.html.erb (0.8ms)
Rendered layouts/_footer.html.erb (0.6ms)
Rendered pages/contact.html.erb within layouts/application (5.4ms)
Completed 200 OK in 16ms (Views: 15.8ms | ActiveRecord: 0.0ms)


Started GET "/stylesheets/blueprint/screen.css" for 127.0.0.1 at 2011-07-14 23:03:08 +0300

ActionController::RoutingError (No route matches "/stylesheets/blueprint/screen.css"):
  

Rendered /Users/mohammadjouni/.rvm/gems/ruby-1.9.2-p180@rails3tutorial/gems/actionpack-3.0.9/lib/action_dispatch/middleware/templates/rescues/routing_error.erb within rescues/layout (1.2ms)


Started GET "/stylesheets/blueprint/print.css" for 127.0.0.1 at 2011-07-14 23:03:08 +0300

ActionController::RoutingError (No route matches "/stylesheets/blueprint/print.css"):
  

Rendered /Users/mohammadjouni/.rvm/gems/ruby-1.9.2-p180@rails3tutorial/gems/actionpack-3.0.9/lib/action_dispatch/middleware/templates/rescues/routing_error.erb within rescues/layout (0.8ms)


Started GET "/about" for 127.0.0.1 at 2011-07-14 23:03:22 +0300
  Processing by PagesController#about as HTML
Rendered layouts/_stylesheets.html.erb (0.8ms)
Rendered layouts/_header.html.erb (0.9ms)
Rendered layouts/_footer.html.erb (0.6ms)
Rendered pages/about.html.erb within layouts/application (5.5ms)
Completed 200 OK in 9ms (Views: 8.8ms | ActiveRecord: 0.0ms)


Started GET "/stylesheets/blueprint/screen.css" for 127.0.0.1 at 2011-07-14 23:03:22 +0300

ActionController::RoutingError (No route matches "/stylesheets/blueprint/screen.css"):
  

Rendered /Users/mohammadjouni/.rvm/gems/ruby-1.9.2-p180@rails3tutorial/gems/actionpack-3.0.9/lib/action_dispatch/middleware/templates/rescues/routing_error.erb within rescues/layout (1.3ms)


Started GET "/stylesheets/blueprint/print.css" for 127.0.0.1 at 2011-07-14 23:03:22 +0300

ActionController::RoutingError (No route matches "/stylesheets/blueprint/print.css"):
  

Rendered /Users/mohammadjouni/.rvm/gems/ruby-1.9.2-p180@rails3tutorial/gems/actionpack-3.0.9/lib/action_dispatch/middleware/templates/rescues/routing_error.erb within rescues/layout (0.9ms)


Started GET "/" for 127.0.0.1 at 2011-07-14 23:15:52 +0300
  Processing by PagesController#help as HTML
Rendered layouts/_stylesheets.html.erb (0.8ms)
Rendered layouts/_header.html.erb (0.9ms)
Rendered layouts/_footer.html.erb (0.6ms)
Rendered pages/help.html.erb within layouts/application (5.6ms)
Completed 200 OK in 9ms (Views: 8.7ms | ActiveRecord: 0.0ms)


Started GET "/stylesheets/blueprint/screen.css" for 127.0.0.1 at 2011-07-14 23:15:52 +0300

ActionController::RoutingError (No route matches "/stylesheets/blueprint/screen.css"):
  

Rendered /Users/mohammadjouni/.rvm/gems/ruby-1.9.2-p180@rails3tutorial/gems/actionpack-3.0.9/lib/action_dispatch/middleware/templates/rescues/routing_error.erb within rescues/layout (0.9ms)


Started GET "/stylesheets/blueprint/print.css" for 127.0.0.1 at 2011-07-14 23:15:52 +0300

ActionController::RoutingError (No route matches "/stylesheets/blueprint/print.css"):
  

Rendered /Users/mohammadjouni/.rvm/gems/ruby-1.9.2-p180@rails3tutorial/gems/actionpack-3.0.9/lib/action_dispatch/middleware/templates/rescues/routing_error.erb within rescues/layout (0.8ms)


Started GET "/" for 127.0.0.1 at 2011-07-14 23:16:01 +0300
  Processing by PagesController#home as HTML
Rendered layouts/_stylesheets.html.erb (0.8ms)
Rendered layouts/_header.html.erb (0.8ms)
Rendered layouts/_footer.html.erb (0.6ms)
Rendered pages/home.html.erb within layouts/application (5.7ms)
Completed 200 OK in 9ms (Views: 9.0ms | ActiveRecord: 0.0ms)


Started GET "/stylesheets/blueprint/screen.css" for 127.0.0.1 at 2011-07-14 23:16:01 +0300

ActionController::RoutingError (No route matches "/stylesheets/blueprint/screen.css"):
  

Rendered /Users/mohammadjouni/.rvm/gems/ruby-1.9.2-p180@rails3tutorial/gems/actionpack-3.0.9/lib/action_dispatch/middleware/templates/rescues/routing_error.erb within rescues/layout (1.3ms)


Started GET "/stylesheets/blueprint/print.css" for 127.0.0.1 at 2011-07-14 23:16:01 +0300

ActionController::RoutingError (No route matches "/stylesheets/blueprint/print.css"):
  

Rendered /Users/mohammadjouni/.rvm/gems/ruby-1.9.2-p180@rails3tutorial/gems/actionpack-3.0.9/lib/action_dispatch/middleware/templates/rescues/routing_error.erb within rescues/layout (0.8ms)


Started GET "/" for 127.0.0.1 at 2011-07-14 23:17:04 +0300
  Processing by PagesController#home as HTML
Rendered layouts/_stylesheets.html.erb (0.8ms)
Rendered layouts/_header.html.erb (0.8ms)
Rendered layouts/_footer.html.erb (0.6ms)
Rendered pages/home.html.erb within layouts/application (5.8ms)
Completed 200 OK in 9ms (Views: 9.0ms | ActiveRecord: 0.0ms)


Started GET "/stylesheets/blueprint/screen.css" for 127.0.0.1 at 2011-07-14 23:17:04 +0300

ActionController::RoutingError (No route matches "/stylesheets/blueprint/screen.css"):
  

Rendered /Users/mohammadjouni/.rvm/gems/ruby-1.9.2-p180@rails3tutorial/gems/actionpack-3.0.9/lib/action_dispatch/middleware/templates/rescues/routing_error.erb within rescues/layout (0.9ms)


Started GET "/stylesheets/blueprint/print.css" for 127.0.0.1 at 2011-07-14 23:17:04 +0300

ActionController::RoutingError (No route matches "/stylesheets/blueprint/print.css"):
  

Rendered /Users/mohammadjouni/.rvm/gems/ruby-1.9.2-p180@rails3tutorial/gems/actionpack-3.0.9/lib/action_dispatch/middleware/templates/rescues/routing_error.erb within rescues/layout (0.9ms)


Started GET "/signup" for 127.0.0.1 at 2011-07-14 23:17:05 +0300
  Processing by UsersController#new as HTML
Rendered layouts/_stylesheets.html.erb (0.8ms)
Rendered layouts/_header.html.erb (0.8ms)
Rendered layouts/_footer.html.erb (0.6ms)
Rendered users/new.html.erb within layouts/application (5.2ms)
Completed 200 OK in 9ms (Views: 8.5ms | ActiveRecord: 0.0ms)


Started GET "/stylesheets/blueprint/screen.css" for 127.0.0.1 at 2011-07-14 23:17:05 +0300

ActionController::RoutingError (No route matches "/stylesheets/blueprint/screen.css"):
  

Rendered /Users/mohammadjouni/.rvm/gems/ruby-1.9.2-p180@rails3tutorial/gems/actionpack-3.0.9/lib/action_dispatch/middleware/templates/rescues/routing_error.erb within rescues/layout (0.9ms)


Started GET "/stylesheets/blueprint/print.css" for 127.0.0.1 at 2011-07-14 23:17:05 +0300

ActionController::RoutingError (No route matches "/stylesheets/blueprint/print.css"):
  

Rendered /Users/mohammadjouni/.rvm/gems/ruby-1.9.2-p180@rails3tutorial/gems/actionpack-3.0.9/lib/action_dispatch/middleware/templates/rescues/routing_error.erb within rescues/layout (0.8ms)


Started GET "/signup" for 127.0.0.1 at 2011-07-14 23:17:11 +0300
  Processing by UsersController#new as HTML
Rendered layouts/_stylesheets.html.erb (0.7ms)
Rendered layouts/_header.html.erb (0.8ms)
Rendered layouts/_footer.html.erb (0.6ms)
Rendered users/new.html.erb within layouts/application (5.1ms)
Completed 200 OK in 8ms (Views: 8.2ms | ActiveRecord: 0.0ms)


Started GET "/stylesheets/blueprint/screen.css" for 127.0.0.1 at 2011-07-14 23:17:11 +0300

ActionController::RoutingError (No route matches "/stylesheets/blueprint/screen.css"):
  

Rendered /Users/mohammadjouni/.rvm/gems/ruby-1.9.2-p180@rails3tutorial/gems/actionpack-3.0.9/lib/action_dispatch/middleware/templates/rescues/routing_error.erb within rescues/layout (1.0ms)


Started GET "/stylesheets/blueprint/print.css" for 127.0.0.1 at 2011-07-14 23:17:11 +0300

ActionController::RoutingError (No route matches "/stylesheets/blueprint/print.css"):
  

Rendered /Users/mohammadjouni/.rvm/gems/ruby-1.9.2-p180@rails3tutorial/gems/actionpack-3.0.9/lib/action_dispatch/middleware/templates/rescues/routing_error.erb within rescues/layout (0.8ms)
